<?xml version="1.0" encoding="UTF-8"?>
<!-- Generated by org.testng.reporters.JUnitXMLReporter -->
<testsuite ignored="0" hostname="DESKTOP-D5D6SNP" failures="0" tests="3" name="Default test" time="66.077" errors="0" timestamp="2022-03-07T09:39:41 GMT-08:00">
  <testcase classname="Murcury_DataProvider" name="Murcury" time="23.838"/>
  <testcase classname="Murcury_DataProvider" name="Murcury" time="22.606"/>
  <testcase classname="Murcury_DataProvider" name="Murcury" time="16.772"/>
</testsuite> <!-- Default test -->
